<?xml version="1.0" encoding="UTF-8"?>
<!-- Generated by org.testng.reporters.JUnitReportReporter -->
<testsuite skipped="0" hostname="DESKTOP-JPRHBU4" name="Project.AppiumFramework.TC_01" tests="5" failures="0" timestamp="2021-01-10T00:26:55 IST" time="259.959" errors="0">
  <testcase name="testcase1" time="120.745" classname="Project.AppiumFramework.TC_01"/>
  <system-out/>
  <testcase name="testcase2" time="55.280" classname="Project.AppiumFramework.TC_01"/>
  <system-out/>
  <testcase name="testcase3" time="21.734" classname="Project.AppiumFramework.TC_01"/>
  <system-out/>
  <testcase name="testcase4" time="29.015" classname="Project.AppiumFramework.TC_01"/>
  <system-out/>
  <testcase name="testcase5" time="33.185" classname="Project.AppiumFramework.TC_01"/>
  <system-out/>
</testsuite> <!-- Project.AppiumFramework.TC_01 -->
